Started GET "/" for 127.0.0.1 at 2021-08-27 10:54:32 +0500
  [1m[35m (2.2ms)[0m  [1m[34mSELECT sqlite_version(*)[0m
Processing by Rails::WelcomeController#index as HTML
  Rendering /usr/local/lib/ruby/gems/3.0.0/gems/railties-6.1.4.1/lib/rails/templates/rails/welcome/index.html.erb
  Rendered /usr/local/lib/ruby/gems/3.0.0/gems/railties-6.1.4.1/lib/rails/templates/rails/welcome/index.html.erb (Duration: 12.7ms | Allocations: 596)
Completed 200 OK in 41ms (Views: 22.5ms | ActiveRecord: 0.0ms | Allocations: 4980)


Started GET "/" for 127.0.0.1 at 2021-08-27 12:17:26 +0500
  [1m[35m (0.8ms)[0m  [1m[34mSELECT sqlite_version(*)[0m
Processing by PagesController#index as HTML
  Rendering layout layouts/application.html.erb
  Rendering pages/index.html.erb within layouts/application
  Rendered pages/index.html.erb within layouts/application (Duration: 1.0ms | Allocations: 359)
[Webpacker] Compiling...
[Webpacker] Compiled all packs in /home/nauman/WorkPlace/works_out/Ruby_Rails/public/packs
[Webpacker] Hash: e2f281de3ea1fdc4fa5a
Version: webpack 4.46.0
Time: 3306ms
Built at: 08/27/2021 12:17:32 PM
                                     Asset       Size       Chunks                         Chunk Names
    js/application-be412d64645010827f4e.js    125 KiB  application  [emitted] [immutable]  application
js/application-be412d64645010827f4e.js.map    139 KiB  application  [emitted] [dev]        application
                             manifest.json  364 bytes               [emitted]              
Entrypoint application = js/application-be412d64645010827f4e.js js/application-be412d64645010827f4e.js.map
[./app/javascript/channels sync recursive _channel\.js$] ./app/javascript/channels sync _channel\.js$ 160 bytes {application} [built]
[./app/javascript/channels/index.js] 211 bytes {application} [built]
[./app/javascript/packs/application.js] 492 bytes {application} [built]
[./node_modules/webpack/buildin/module.js] (webpack)/buildin/module.js 552 bytes {application} [built]
    + 3 hidden modules

  Rendered layout layouts/application.html.erb (Duration: 5741.2ms | Allocations: 14855)
Completed 200 OK in 5760ms (Views: 5749.4ms | ActiveRecord: 0.0ms | Allocations: 18394)


Started GET "/" for 127.0.0.1 at 2021-08-27 12:51:17 +0500
  [1m[35m (0.6ms)[0m  [1m[34mSELECT sqlite_version(*)[0m
Processing by PagesController#index as HTML
  Rendering layout layouts/application.html.erb
  Rendering pages/index.html.erb within layouts/application
  Rendered pages/index.html.erb within layouts/application (Duration: 1.3ms | Allocations: 359)
[Webpacker] Compiling...
[Webpacker] Compiled all packs in /home/nauman/WorkPlace/works_out/Ruby_Rails/public/packs
[Webpacker] Hash: 57c86281fc2f233e217d
Version: webpack 4.46.0
Time: 1875ms
Built at: 08/27/2021 12:51:24 PM
                                     Asset       Size       Chunks                         Chunk Names
    js/application-f467f31541dbb6a270ad.js    125 KiB  application  [emitted] [immutable]  application
js/application-f467f31541dbb6a270ad.js.map    139 KiB  application  [emitted] [dev]        application
                             manifest.json  364 bytes               [emitted]              
Entrypoint application = js/application-f467f31541dbb6a270ad.js js/application-f467f31541dbb6a270ad.js.map
[./app/javascript/channels sync recursive _channel\.js$] ./app/javascript/channels sync _channel\.js$ 160 bytes {application} [built]
[./app/javascript/channels/index.js] 211 bytes {application} [built]
[./app/javascript/packs/application.js] 543 bytes {application} [built]
[./node_modules/webpack/buildin/module.js] (webpack)/buildin/module.js 552 bytes {application} [built]
    + 3 hidden modules

  Rendered layout layouts/application.html.erb (Duration: 7026.1ms | Allocations: 93681)
Completed 200 OK in 7042ms (Views: 7029.7ms | ActiveRecord: 0.0ms | Allocations: 97342)


Started GET "/" for 127.0.0.1 at 2021-08-27 13:02:34 +0500
  [1m[35m (0.5ms)[0m  [1m[34mSELECT sqlite_version(*)[0m
Processing by PagesController#index as HTML
  Rendering layout layouts/application.html.erb
  Rendering pages/index.html.erb within layouts/application
  Rendered pages/index.html.erb within layouts/application (Duration: 1.1ms | Allocations: 359)
  Rendered layout layouts/application.html.erb (Duration: 52.4ms | Allocations: 21256)
Completed 500 Internal Server Error in 68ms (ActiveRecord: 0.0ms | Allocations: 24865)


  
ActionView::Template::Error (The asset "application.js" is not present in the asset pipeline.
):
    3: <head>
    4:   <title>Workspace</title>
    5:   <%= stylesheet_link_tag 'application', media: 'all', 'data-turbolinks-track' => true %>
    6:   <%= javascript_include_tag 'application', 'data-turbolinks-track' => true %>
    7:   <%= csrf_meta_tags %>
    8: </head>
    9: <body>
  
app/views/layouts/application.html.erb:6
Started GET "/" for 127.0.0.1 at 2021-08-27 13:06:16 +0500
  [1m[35m (2.3ms)[0m  [1m[34mSELECT sqlite_version(*)[0m
Processing by PagesController#index as HTML
  Rendering layout layouts/application.html.erb
  Rendering pages/index.html.erb within layouts/application
  Rendered pages/index.html.erb within layouts/application (Duration: 1.7ms | Allocations: 359)
  Rendered layout layouts/application.html.erb (Duration: 145.2ms | Allocations: 20935)
Completed 500 Internal Server Error in 177ms (ActiveRecord: 0.0ms | Allocations: 24544)


  
ActionView::Template::Error (The asset "application.js" is not present in the asset pipeline.
):
    3: <head>
    4:   <title>Workspace</title>
    5:   <%= stylesheet_link_tag 'application', media: 'all', 'data-turbolinks-track' => true %>
    6:   <%= javascript_include_tag 'application', 'data-turbolinks-track' => true %>
    7:   <%= csrf_meta_tags %>
    8: </head>
    9: <body>
  
app/views/layouts/application.html.erb:6
Started GET "/" for 127.0.0.1 at 2021-08-27 13:09:08 +0500
Processing by PagesController#index as HTML
  Rendering layout layouts/application.html.erb
  Rendering pages/index.html.erb within layouts/application
  Rendered pages/index.html.erb within layouts/application (Duration: 0.5ms | Allocations: 145)
  Rendered layout layouts/application.html.erb (Duration: 12.5ms | Allocations: 5508)
Completed 200 OK in 17ms (Views: 15.9ms | ActiveRecord: 0.0ms | Allocations: 6935)


Started GET "/" for 127.0.0.1 at 2021-08-27 13:11:15 +0500
Processing by PagesController#index as HTML
  Rendering layout layouts/application.html.erb
  Rendering pages/index.html.erb within layouts/application
  Rendered pages/index.html.erb within layouts/application (Duration: 0.9ms | Allocations: 142)
  Rendered layout layouts/application.html.erb (Duration: 18.4ms | Allocations: 11716)
Completed 500 Internal Server Error in 23ms (ActiveRecord: 0.0ms | Allocations: 13096)


  
ActionView::Template::Error (The asset "application.js" is not present in the asset pipeline.
):
    3: <head>
    4:   <title>Workspace</title>
    5:   <%= stylesheet_link_tag 'application', media: 'all', 'data-turbolinks-track' => true %>
    6:   <%= javascript_include_tag 'application', 'data-turbolinks-track' => true %>
    7:   <%= csrf_meta_tags %>
    8: </head>
    9: <body>
  
app/views/layouts/application.html.erb:6
Started GET "/" for 127.0.0.1 at 2021-08-27 13:16:23 +0500
Processing by PagesController#index as HTML
  Rendering layout layouts/application.html.erb
  Rendering pages/index.html.erb within layouts/application
  Rendered pages/index.html.erb within layouts/application (Duration: 0.4ms | Allocations: 142)
  Rendered layout layouts/application.html.erb (Duration: 19.3ms | Allocations: 11734)
Completed 500 Internal Server Error in 24ms (Allocations: 13073)


  
ActionView::Template::Error (The asset "application.js" is not present in the asset pipeline.
):
    3: <head>
    4:   <title>Workspace</title>
    5:   <%= stylesheet_link_tag 'application', media: 'all', 'data-turbolinks-track' => true %>
    6:   <%= javascript_include_tag 'application', 'data-turbolinks-track' => true %>
    7:   <%= csrf_meta_tags %>
    8: </head>
    9: <body>
  
app/views/layouts/application.html.erb:6
Started GET "/" for 127.0.0.1 at 2021-08-27 13:16:25 +0500
Processing by PagesController#index as HTML
  Rendering layout layouts/application.html.erb
  Rendering pages/index.html.erb within layouts/application
  Rendered pages/index.html.erb within layouts/application (Duration: 0.2ms | Allocations: 38)
  Rendered layout layouts/application.html.erb (Duration: 19.2ms | Allocations: 11256)
Completed 500 Internal Server Error in 22ms (Allocations: 11717)


  
ActionView::Template::Error (The asset "application.js" is not present in the asset pipeline.
):
    3: <head>
    4:   <title>Workspace</title>
    5:   <%= stylesheet_link_tag 'application', media: 'all', 'data-turbolinks-track' => true %>
    6:   <%= javascript_include_tag 'application', 'data-turbolinks-track' => true %>
    7:   <%= csrf_meta_tags %>
    8: </head>
    9: <body>
  
app/views/layouts/application.html.erb:6
Started GET "/" for 127.0.0.1 at 2021-08-27 13:17:07 +0500
Processing by PagesController#index as HTML
  Rendering layout layouts/application.html.erb
  Rendering pages/index.html.erb within layouts/application
  Rendered pages/index.html.erb within layouts/application (Duration: 0.4ms | Allocations: 142)
[Webpacker] Compiling...
[Webpacker] Compiled all packs in /home/nauman/WorkPlace/works_out/Ruby_Rails/public/packs
[Webpacker] Hash: 06a5b421f640edfcd6ca
Version: webpack 4.46.0
Time: 1661ms
Built at: 08/27/2021 1:17:12 PM
                                     Asset       Size       Chunks                         Chunk Names
    js/application-f12974877b4eac1d9ce1.js    125 KiB  application  [emitted] [immutable]  application
js/application-f12974877b4eac1d9ce1.js.map    139 KiB  application  [emitted] [dev]        application
                             manifest.json  364 bytes               [emitted]              
Entrypoint application = js/application-f12974877b4eac1d9ce1.js js/application-f12974877b4eac1d9ce1.js.map
[./app/javascript/channels sync recursive _channel\.js$] ./app/javascript/channels sync _channel\.js$ 160 bytes {application} [built]
[./app/javascript/channels/index.js] 211 bytes {application} [built]
[./app/javascript/packs/application.js] 543 bytes {application} [built]
[./node_modules/webpack/buildin/module.js] (webpack)/buildin/module.js 552 bytes {application} [built]
    + 3 hidden modules

  Rendered layout layouts/application.html.erb (Duration: 4804.2ms | Allocations: 8435)
Completed 200 OK in 4809ms (Views: 4806.4ms | Allocations: 9751)


Started GET "/" for 127.0.0.1 at 2021-08-27 13:18:14 +0500
Processing by PagesController#index as HTML
  Rendering layout layouts/application.html.erb
  Rendering pages/index.html.erb within layouts/application
  Rendered pages/index.html.erb within layouts/application (Duration: 0.6ms | Allocations: 142)
[Webpacker] Everything's up-to-date. Nothing to do
  Rendered layout layouts/application.html.erb (Duration: 16.0ms | Allocations: 7055)
Completed 200 OK in 21ms (Views: 18.9ms | Allocations: 8419)


Started GET "/" for 127.0.0.1 at 2021-08-27 13:18:17 +0500
Processing by PagesController#index as HTML
  Rendering layout layouts/application.html.erb
  Rendering pages/index.html.erb within layouts/application
  Rendered pages/index.html.erb within layouts/application (Duration: 0.2ms | Allocations: 38)
[Webpacker] Everything's up-to-date. Nothing to do
  Rendered layout layouts/application.html.erb (Duration: 15.9ms | Allocations: 6487)
Completed 200 OK in 18ms (Views: 16.8ms | Allocations: 6976)


Started GET "/" for 127.0.0.1 at 2021-08-27 13:18:18 +0500
Processing by PagesController#index as HTML
  Rendering layout layouts/application.html.erb
  Rendering pages/index.html.erb within layouts/application
  Rendered pages/index.html.erb within layouts/application (Duration: 0.2ms | Allocations: 38)
[Webpacker] Everything's up-to-date. Nothing to do
  Rendered layout layouts/application.html.erb (Duration: 22.6ms | Allocations: 6489)
Completed 200 OK in 25ms (Views: 23.7ms | Allocations: 6938)


Started GET "/" for 127.0.0.1 at 2021-08-27 13:18:18 +0500
Processing by PagesController#index as HTML
  Rendering layout layouts/application.html.erb
  Rendering pages/index.html.erb within layouts/application
  Rendered pages/index.html.erb within layouts/application (Duration: 0.2ms | Allocations: 38)
[Webpacker] Everything's up-to-date. Nothing to do
  Rendered layout layouts/application.html.erb (Duration: 30.7ms | Allocations: 6490)
Completed 200 OK in 33ms (Views: 32.4ms | Allocations: 6937)


Started GET "/" for 127.0.0.1 at 2021-08-27 13:18:19 +0500
Processing by PagesController#index as HTML
  Rendering layout layouts/application.html.erb
  Rendering pages/index.html.erb within layouts/application
  Rendered pages/index.html.erb within layouts/application (Duration: 0.2ms | Allocations: 38)
[Webpacker] Everything's up-to-date. Nothing to do
  Rendered layout layouts/application.html.erb (Duration: 22.6ms | Allocations: 6487)
Completed 200 OK in 25ms (Views: 24.2ms | Allocations: 6929)


Started GET "/" for 127.0.0.1 at 2021-08-27 13:18:19 +0500
Processing by PagesController#index as HTML
  Rendering layout layouts/application.html.erb
  Rendering pages/index.html.erb within layouts/application
  Rendered pages/index.html.erb within layouts/application (Duration: 0.1ms | Allocations: 38)
[Webpacker] Everything's up-to-date. Nothing to do
  Rendered layout layouts/application.html.erb (Duration: 20.7ms | Allocations: 6487)
Completed 200 OK in 23ms (Views: 21.5ms | Allocations: 6929)


Started GET "/" for 127.0.0.1 at 2021-08-27 13:18:20 +0500
Processing by PagesController#index as HTML
  Rendering layout layouts/application.html.erb
  Rendering pages/index.html.erb within layouts/application
  Rendered pages/index.html.erb within layouts/application (Duration: 0.1ms | Allocations: 38)
[Webpacker] Everything's up-to-date. Nothing to do
  Rendered layout layouts/application.html.erb (Duration: 20.6ms | Allocations: 6487)
Completed 200 OK in 22ms (Views: 21.4ms | Allocations: 6929)


Started GET "/" for 127.0.0.1 at 2021-08-27 13:18:20 +0500
Processing by PagesController#index as HTML
  Rendering layout layouts/application.html.erb
  Rendering pages/index.html.erb within layouts/application
  Rendered pages/index.html.erb within layouts/application (Duration: 0.1ms | Allocations: 38)
[Webpacker] Everything's up-to-date. Nothing to do
  Rendered layout layouts/application.html.erb (Duration: 17.8ms | Allocations: 6487)
Completed 200 OK in 20ms (Views: 19.4ms | Allocations: 6929)


Started GET "/" for 127.0.0.1 at 2021-08-27 13:18:21 +0500
Processing by PagesController#index as HTML
  Rendering layout layouts/application.html.erb
  Rendering pages/index.html.erb within layouts/application
  Rendered pages/index.html.erb within layouts/application (Duration: 0.2ms | Allocations: 38)
[Webpacker] Everything's up-to-date. Nothing to do
  Rendered layout layouts/application.html.erb (Duration: 20.3ms | Allocations: 6487)
Completed 200 OK in 22ms (Views: 21.2ms | Allocations: 6929)


Started GET "/" for 127.0.0.1 at 2021-08-27 13:20:06 +0500
  [1m[35m (1.0ms)[0m  [1m[34mSELECT sqlite_version(*)[0m
Processing by PagesController#index as HTML
  Rendering layout layouts/application.html.erb
  Rendering pages/index.html.erb within layouts/application
  Rendered pages/index.html.erb within layouts/application (Duration: 0.9ms | Allocations: 359)
[Webpacker] Everything's up-to-date. Nothing to do
  Rendered layout layouts/application.html.erb (Duration: 53.9ms | Allocations: 16108)
Completed 200 OK in 71ms (Views: 59.1ms | ActiveRecord: 0.0ms | Allocations: 19648)


Started GET "/" for 127.0.0.1 at 2021-08-27 13:20:08 +0500
Processing by PagesController#index as HTML
  Rendering layout layouts/application.html.erb
  Rendering pages/index.html.erb within layouts/application
  Rendered pages/index.html.erb within layouts/application (Duration: 0.1ms | Allocations: 43)
[Webpacker] Everything's up-to-date. Nothing to do
  Rendered layout layouts/application.html.erb (Duration: 49.9ms | Allocations: 7378)
Completed 200 OK in 51ms (Views: 50.5ms | ActiveRecord: 0.0ms | Allocations: 7965)


Started GET "/" for 127.0.0.1 at 2021-08-27 13:20:09 +0500
Processing by PagesController#index as HTML
  Rendering layout layouts/application.html.erb
  Rendering pages/index.html.erb within layouts/application
  Rendered pages/index.html.erb within layouts/application (Duration: 0.2ms | Allocations: 38)
[Webpacker] Everything's up-to-date. Nothing to do
  Rendered layout layouts/application.html.erb (Duration: 18.7ms | Allocations: 6487)
Completed 200 OK in 20ms (Views: 19.4ms | ActiveRecord: 0.0ms | Allocations: 6932)


Started GET "/" for 127.0.0.1 at 2021-08-27 13:20:09 +0500
Processing by PagesController#index as HTML
  Rendering layout layouts/application.html.erb
  Rendering pages/index.html.erb within layouts/application
  Rendered pages/index.html.erb within layouts/application (Duration: 0.2ms | Allocations: 38)
[Webpacker] Everything's up-to-date. Nothing to do
  Rendered layout layouts/application.html.erb (Duration: 20.3ms | Allocations: 6489)
Completed 200 OK in 23ms (Views: 21.4ms | ActiveRecord: 0.0ms | Allocations: 6939)


Started GET "/" for 127.0.0.1 at 2021-08-27 13:20:10 +0500
Processing by PagesController#index as HTML
  Rendering layout layouts/application.html.erb
  Rendering pages/index.html.erb within layouts/application
  Rendered pages/index.html.erb within layouts/application (Duration: 0.2ms | Allocations: 38)
[Webpacker] Everything's up-to-date. Nothing to do
  Rendered layout layouts/application.html.erb (Duration: 23.6ms | Allocations: 6492)
Completed 200 OK in 25ms (Views: 24.5ms | ActiveRecord: 0.0ms | Allocations: 6937)


Started GET "/" for 127.0.0.1 at 2021-08-27 13:20:10 +0500
Processing by PagesController#index as HTML
  Rendering layout layouts/application.html.erb
  Rendering pages/index.html.erb within layouts/application
  Rendered pages/index.html.erb within layouts/application (Duration: 0.1ms | Allocations: 38)
[Webpacker] Everything's up-to-date. Nothing to do
  Rendered layout layouts/application.html.erb (Duration: 18.8ms | Allocations: 6584)
Completed 200 OK in 21ms (Views: 20.1ms | ActiveRecord: 0.0ms | Allocations: 7029)


Started GET "/" for 127.0.0.1 at 2021-08-27 13:20:11 +0500
Processing by PagesController#index as HTML
  Rendering layout layouts/application.html.erb
  Rendering pages/index.html.erb within layouts/application
  Rendered pages/index.html.erb within layouts/application (Duration: 0.2ms | Allocations: 38)
[Webpacker] Everything's up-to-date. Nothing to do
  Rendered layout layouts/application.html.erb (Duration: 29.4ms | Allocations: 6562)
Completed 200 OK in 33ms (Views: 30.4ms | ActiveRecord: 0.0ms | Allocations: 7012)


Started GET "/" for 127.0.0.1 at 2021-08-27 13:20:12 +0500
Processing by PagesController#index as HTML
  Rendering layout layouts/application.html.erb
  Rendering pages/index.html.erb within layouts/application
  Rendered pages/index.html.erb within layouts/application (Duration: 0.2ms | Allocations: 38)
[Webpacker] Everything's up-to-date. Nothing to do
  Rendered layout layouts/application.html.erb (Duration: 20.4ms | Allocations: 6557)
Completed 200 OK in 22ms (Views: 21.4ms | ActiveRecord: 0.0ms | Allocations: 7002)


Started GET "/" for 127.0.0.1 at 2021-08-27 13:20:12 +0500
Processing by PagesController#index as HTML
  Rendering layout layouts/application.html.erb
  Rendering pages/index.html.erb within layouts/application
  Rendered pages/index.html.erb within layouts/application (Duration: 0.2ms | Allocations: 38)
[Webpacker] Everything's up-to-date. Nothing to do
  Rendered layout layouts/application.html.erb (Duration: 20.4ms | Allocations: 6489)
Completed 200 OK in 23ms (Views: 21.4ms | ActiveRecord: 0.0ms | Allocations: 6939)


Started GET "/" for 127.0.0.1 at 2021-08-27 13:20:12 +0500
Processing by PagesController#index as HTML
  Rendering layout layouts/application.html.erb
  Rendering pages/index.html.erb within layouts/application
  Rendered pages/index.html.erb within layouts/application (Duration: 0.2ms | Allocations: 38)
[Webpacker] Everything's up-to-date. Nothing to do
  Rendered layout layouts/application.html.erb (Duration: 29.5ms | Allocations: 6488)
Completed 200 OK in 33ms (Views: 31.5ms | ActiveRecord: 0.0ms | Allocations: 6933)


Started GET "/" for 127.0.0.1 at 2021-08-27 13:23:05 +0500
Processing by PagesController#index as HTML
  Rendering layout layouts/application.html.erb
  Rendering pages/index.html.erb within layouts/application
  Rendered pages/index.html.erb within layouts/application (Duration: 0.1ms | Allocations: 38)
[Webpacker] Compiling...
[Webpacker] Compiled all packs in /home/nauman/WorkPlace/works_out/Ruby_Rails/public/packs
[Webpacker] Hash: 8b1fd971a32d59fc9d5e
Version: webpack 4.46.0
Time: 1206ms
Built at: 08/27/2021 1:23:08 PM
                                     Asset       Size       Chunks                         Chunk Names
    js/application-99b158f1c413b6715f67.js    125 KiB  application  [emitted] [immutable]  application
js/application-99b158f1c413b6715f67.js.map    139 KiB  application  [emitted] [dev]        application
                             manifest.json  364 bytes               [emitted]              
Entrypoint application = js/application-99b158f1c413b6715f67.js js/application-99b158f1c413b6715f67.js.map
[./app/javascript/channels sync recursive _channel\.js$] ./app/javascript/channels sync _channel\.js$ 160 bytes {application} [built]
[./app/javascript/channels/index.js] 211 bytes {application} [built]
[./app/javascript/packs/application.js] 565 bytes {application} [built]
[./node_modules/webpack/buildin/module.js] (webpack)/buildin/module.js 552 bytes {application} [built]
    + 3 hidden modules

  Rendered layout layouts/application.html.erb (Duration: 3103.6ms | Allocations: 7856)
Completed 200 OK in 3106ms (Views: 3104.5ms | ActiveRecord: 0.0ms | Allocations: 8298)


Started GET "/" for 127.0.0.1 at 2021-08-27 13:23:10 +0500
Processing by PagesController#index as HTML
  Rendering layout layouts/application.html.erb
  Rendering pages/index.html.erb within layouts/application
  Rendered pages/index.html.erb within layouts/application (Duration: 0.1ms | Allocations: 38)
[Webpacker] Everything's up-to-date. Nothing to do
  Rendered layout layouts/application.html.erb (Duration: 34.5ms | Allocations: 6588)
Completed 200 OK in 44ms (Views: 35.1ms | ActiveRecord: 0.0ms | Allocations: 7034)


Started GET "/" for 127.0.0.1 at 2021-08-27 13:23:11 +0500
Processing by PagesController#index as HTML
  Rendering layout layouts/application.html.erb
  Rendering pages/index.html.erb within layouts/application
  Rendered pages/index.html.erb within layouts/application (Duration: 0.1ms | Allocations: 38)
[Webpacker] Everything's up-to-date. Nothing to do
  Rendered layout layouts/application.html.erb (Duration: 19.8ms | Allocations: 6519)
Completed 200 OK in 21ms (Views: 20.7ms | ActiveRecord: 0.0ms | Allocations: 6965)


Started GET "/" for 127.0.0.1 at 2021-08-27 13:23:12 +0500
Processing by PagesController#index as HTML
  Rendering layout layouts/application.html.erb
  Rendering pages/index.html.erb within layouts/application
  Rendered pages/index.html.erb within layouts/application (Duration: 0.1ms | Allocations: 38)
[Webpacker] Everything's up-to-date. Nothing to do
  Rendered layout layouts/application.html.erb (Duration: 19.9ms | Allocations: 6548)
Completed 200 OK in 21ms (Views: 20.7ms | ActiveRecord: 0.0ms | Allocations: 6993)


Started GET "/" for 127.0.0.1 at 2021-08-27 13:23:12 +0500
Processing by PagesController#index as HTML
  Rendering layout layouts/application.html.erb
  Rendering pages/index.html.erb within layouts/application
  Rendered pages/index.html.erb within layouts/application (Duration: 0.1ms | Allocations: 38)
[Webpacker] Everything's up-to-date. Nothing to do
  Rendered layout layouts/application.html.erb (Duration: 21.1ms | Allocations: 6487)
Completed 200 OK in 23ms (Views: 22.1ms | ActiveRecord: 0.0ms | Allocations: 6932)


Started GET "/" for 127.0.0.1 at 2021-08-27 13:23:12 +0500
Processing by PagesController#index as HTML
  Rendering layout layouts/application.html.erb
  Rendering pages/index.html.erb within layouts/application
  Rendered pages/index.html.erb within layouts/application (Duration: 0.2ms | Allocations: 38)
[Webpacker] Everything's up-to-date. Nothing to do
  Rendered layout layouts/application.html.erb (Duration: 23.0ms | Allocations: 6491)
Completed 200 OK in 25ms (Views: 24.1ms | ActiveRecord: 0.0ms | Allocations: 6936)


Started GET "/" for 127.0.0.1 at 2021-08-27 13:23:13 +0500
Processing by PagesController#index as HTML
  Rendering layout layouts/application.html.erb
  Rendering pages/index.html.erb within layouts/application
  Rendered pages/index.html.erb within layouts/application (Duration: 0.2ms | Allocations: 38)
[Webpacker] Everything's up-to-date. Nothing to do
  Rendered layout layouts/application.html.erb (Duration: 20.0ms | Allocations: 6584)
Completed 200 OK in 22ms (Views: 21.1ms | ActiveRecord: 0.0ms | Allocations: 7029)


Started GET "/" for 127.0.0.1 at 2021-08-27 13:23:13 +0500
Processing by PagesController#index as HTML
  Rendering layout layouts/application.html.erb
  Rendering pages/index.html.erb within layouts/application
  Rendered pages/index.html.erb within layouts/application (Duration: 0.2ms | Allocations: 38)
[Webpacker] Everything's up-to-date. Nothing to do
  Rendered layout layouts/application.html.erb (Duration: 23.9ms | Allocations: 6589)
Completed 200 OK in 26ms (Views: 24.8ms | ActiveRecord: 0.0ms | Allocations: 7035)


Started GET "/" for 127.0.0.1 at 2021-08-27 13:23:14 +0500
Processing by PagesController#index as HTML
  Rendering layout layouts/application.html.erb
  Rendering pages/index.html.erb within layouts/application
  Rendered pages/index.html.erb within layouts/application (Duration: 0.2ms | Allocations: 38)
[Webpacker] Everything's up-to-date. Nothing to do
  Rendered layout layouts/application.html.erb (Duration: 21.1ms | Allocations: 6519)
Completed 200 OK in 23ms (Views: 22.1ms | ActiveRecord: 0.0ms | Allocations: 6965)


Started GET "/" for 127.0.0.1 at 2021-08-27 13:23:14 +0500
Processing by PagesController#index as HTML
  Rendering layout layouts/application.html.erb
  Rendering pages/index.html.erb within layouts/application
  Rendered pages/index.html.erb within layouts/application (Duration: 0.1ms | Allocations: 38)
[Webpacker] Everything's up-to-date. Nothing to do
  Rendered layout layouts/application.html.erb (Duration: 16.5ms | Allocations: 6541)
Completed 200 OK in 18ms (Views: 17.2ms | ActiveRecord: 0.0ms | Allocations: 6986)


Started GET "/" for 127.0.0.1 at 2021-08-27 13:23:14 +0500
Processing by PagesController#index as HTML
  Rendering layout layouts/application.html.erb
  Rendering pages/index.html.erb within layouts/application
  Rendered pages/index.html.erb within layouts/application (Duration: 0.2ms | Allocations: 38)
[Webpacker] Everything's up-to-date. Nothing to do
  Rendered layout layouts/application.html.erb (Duration: 23.8ms | Allocations: 6494)
Completed 200 OK in 26ms (Views: 24.8ms | ActiveRecord: 0.0ms | Allocations: 6939)


Started GET "/" for 127.0.0.1 at 2021-08-27 13:23:15 +0500
Processing by PagesController#index as HTML
  Rendering layout layouts/application.html.erb
  Rendering pages/index.html.erb within layouts/application
  Rendered pages/index.html.erb within layouts/application (Duration: 0.1ms | Allocations: 38)
[Webpacker] Everything's up-to-date. Nothing to do
  Rendered layout layouts/application.html.erb (Duration: 21.2ms | Allocations: 6491)
Completed 200 OK in 23ms (Views: 22.0ms | ActiveRecord: 0.0ms | Allocations: 6936)


Started GET "/" for 127.0.0.1 at 2021-08-27 13:23:15 +0500
Processing by PagesController#index as HTML
  Rendering layout layouts/application.html.erb
  Rendering pages/index.html.erb within layouts/application
  Rendered pages/index.html.erb within layouts/application (Duration: 0.1ms | Allocations: 38)
[Webpacker] Everything's up-to-date. Nothing to do
  Rendered layout layouts/application.html.erb (Duration: 21.3ms | Allocations: 6577)
Completed 200 OK in 23ms (Views: 22.4ms | ActiveRecord: 0.0ms | Allocations: 7022)


Started GET "/" for 127.0.0.1 at 2021-08-27 13:23:16 +0500
Processing by PagesController#index as HTML
  Rendering layout layouts/application.html.erb
  Rendering pages/index.html.erb within layouts/application
  Rendered pages/index.html.erb within layouts/application (Duration: 0.2ms | Allocations: 38)
[Webpacker] Everything's up-to-date. Nothing to do
  Rendered layout layouts/application.html.erb (Duration: 21.9ms | Allocations: 6589)
Completed 200 OK in 24ms (Views: 22.8ms | ActiveRecord: 0.0ms | Allocations: 7035)


Started GET "/" for 127.0.0.1 at 2021-08-27 13:23:17 +0500
Processing by PagesController#index as HTML
  Rendering layout layouts/application.html.erb
  Rendering pages/index.html.erb within layouts/application
  Rendered pages/index.html.erb within layouts/application (Duration: 0.1ms | Allocations: 38)
[Webpacker] Everything's up-to-date. Nothing to do
  Rendered layout layouts/application.html.erb (Duration: 21.0ms | Allocations: 6525)
Completed 200 OK in 22ms (Views: 21.8ms | ActiveRecord: 0.0ms | Allocations: 6971)


Started GET "/" for 127.0.0.1 at 2021-08-27 13:23:18 +0500
Processing by PagesController#index as HTML
  Rendering layout layouts/application.html.erb
  Rendering pages/index.html.erb within layouts/application
  Rendered pages/index.html.erb within layouts/application (Duration: 0.1ms | Allocations: 38)
[Webpacker] Everything's up-to-date. Nothing to do
  Rendered layout layouts/application.html.erb (Duration: 20.2ms | Allocations: 6541)
Completed 200 OK in 22ms (Views: 20.8ms | ActiveRecord: 0.0ms | Allocations: 6986)


Started GET "/" for 127.0.0.1 at 2021-08-27 13:23:19 +0500
Processing by PagesController#index as HTML
  Rendering layout layouts/application.html.erb
  Rendering pages/index.html.erb within layouts/application
  Rendered pages/index.html.erb within layouts/application (Duration: 0.1ms | Allocations: 38)
[Webpacker] Everything's up-to-date. Nothing to do
  Rendered layout layouts/application.html.erb (Duration: 14.7ms | Allocations: 6494)
Completed 200 OK in 16ms (Views: 15.5ms | ActiveRecord: 0.0ms | Allocations: 6936)


Started GET "/" for 127.0.0.1 at 2021-08-27 13:23:48 +0500
Processing by PagesController#index as HTML
  Rendering layout layouts/application.html.erb
  Rendering pages/index.html.erb within layouts/application
  Rendered pages/index.html.erb within layouts/application (Duration: 0.5ms | Allocations: 147)
  Rendered layout layouts/application.html.erb (Duration: 1.5ms | Allocations: 548)
Completed 200 OK in 6ms (Views: 3.8ms | ActiveRecord: 0.0ms | Allocations: 1916)


Started GET "/" for 127.0.0.1 at 2021-08-27 13:46:41 +0500
Processing by PagesController#index as HTML
  Rendering layout layouts/application.html.erb
  Rendering pages/index.html.erb within layouts/application
  Rendered pages/index.html.erb within layouts/application (Duration: 0.4ms | Allocations: 142)
[Webpacker] Everything's up-to-date. Nothing to do
  Rendered layout layouts/application.html.erb (Duration: 22.3ms | Allocations: 7149)
Completed 200 OK in 26ms (Views: 24.4ms | ActiveRecord: 0.0ms | Allocations: 8526)


Started GET "/" for 127.0.0.1 at 2021-08-27 13:46:43 +0500
Processing by PagesController#index as HTML
  Rendering layout layouts/application.html.erb
  Rendering pages/index.html.erb within layouts/application
  Rendered pages/index.html.erb within layouts/application (Duration: 0.2ms | Allocations: 38)
[Webpacker] Everything's up-to-date. Nothing to do
  Rendered layout layouts/application.html.erb (Duration: 19.2ms | Allocations: 6589)
Completed 200 OK in 21ms (Views: 20.1ms | ActiveRecord: 0.0ms | Allocations: 7083)


Started GET "/" for 127.0.0.1 at 2021-08-27 13:46:44 +0500
Processing by PagesController#index as HTML
  Rendering layout layouts/application.html.erb
  Rendering pages/index.html.erb within layouts/application
  Rendered pages/index.html.erb within layouts/application (Duration: 0.2ms | Allocations: 38)
[Webpacker] Everything's up-to-date. Nothing to do
  Rendered layout layouts/application.html.erb (Duration: 23.5ms | Allocations: 6527)
Completed 200 OK in 26ms (Views: 24.9ms | ActiveRecord: 0.0ms | Allocations: 6973)


Started GET "/" for 127.0.0.1 at 2021-08-27 13:46:44 +0500
Processing by PagesController#index as HTML
  Rendering layout layouts/application.html.erb
  Rendering pages/index.html.erb within layouts/application
  Rendered pages/index.html.erb within layouts/application (Duration: 0.1ms | Allocations: 38)
[Webpacker] Everything's up-to-date. Nothing to do
  Rendered layout layouts/application.html.erb (Duration: 25.5ms | Allocations: 6531)
Completed 200 OK in 28ms (Views: 26.9ms | ActiveRecord: 0.0ms | Allocations: 6976)


Started GET "/" for 127.0.0.1 at 2021-08-27 13:46:45 +0500
Processing by PagesController#index as HTML
  Rendering layout layouts/application.html.erb
  Rendering pages/index.html.erb within layouts/application
  Rendered pages/index.html.erb within layouts/application (Duration: 0.2ms | Allocations: 38)
[Webpacker] Everything's up-to-date. Nothing to do
  Rendered layout layouts/application.html.erb (Duration: 25.7ms | Allocations: 6490)
Completed 200 OK in 28ms (Views: 26.9ms | ActiveRecord: 0.0ms | Allocations: 6935)


Started GET "/" for 127.0.0.1 at 2021-08-27 13:46:45 +0500
Processing by PagesController#index as HTML
  Rendering layout layouts/application.html.erb
  Rendering pages/index.html.erb within layouts/application
  Rendered pages/index.html.erb within layouts/application (Duration: 0.1ms | Allocations: 38)
[Webpacker] Everything's up-to-date. Nothing to do
  Rendered layout layouts/application.html.erb (Duration: 18.1ms | Allocations: 6487)
Completed 200 OK in 20ms (Views: 19.1ms | ActiveRecord: 0.0ms | Allocations: 6932)


Started GET "/" for 127.0.0.1 at 2021-08-27 13:46:45 +0500
Processing by PagesController#index as HTML
  Rendering layout layouts/application.html.erb
  Rendering pages/index.html.erb within layouts/application
  Rendered pages/index.html.erb within layouts/application (Duration: 0.2ms | Allocations: 38)
[Webpacker] Everything's up-to-date. Nothing to do
  Rendered layout layouts/application.html.erb (Duration: 22.5ms | Allocations: 6589)
Completed 200 OK in 25ms (Views: 23.7ms | ActiveRecord: 0.0ms | Allocations: 7035)


Started GET "/" for 127.0.0.1 at 2021-08-27 13:46:45 +0500
Processing by PagesController#index as HTML
  Rendering layout layouts/application.html.erb
  Rendering pages/index.html.erb within layouts/application
  Rendered pages/index.html.erb within layouts/application (Duration: 0.2ms | Allocations: 38)
[Webpacker] Everything's up-to-date. Nothing to do
  Rendered layout layouts/application.html.erb (Duration: 23.1ms | Allocations: 6588)
Completed 200 OK in 25ms (Views: 24.0ms | ActiveRecord: 0.0ms | Allocations: 7034)


Started GET "/" for 127.0.0.1 at 2021-08-27 13:47:02 +0500
Processing by PagesController#index as HTML
  Rendering layout layouts/application.html.erb
  Rendering pages/index.html.erb within layouts/application
  Rendered pages/index.html.erb within layouts/application (Duration: 0.2ms | Allocations: 38)
[Webpacker] Everything's up-to-date. Nothing to do
  Rendered layout layouts/application.html.erb (Duration: 24.7ms | Allocations: 6530)
Completed 200 OK in 27ms (Views: 25.9ms | ActiveRecord: 0.0ms | Allocations: 6976)


Started GET "/" for 127.0.0.1 at 2021-08-27 13:47:03 +0500
Processing by PagesController#index as HTML
  Rendering layout layouts/application.html.erb
  Rendering pages/index.html.erb within layouts/application
  Rendered pages/index.html.erb within layouts/application (Duration: 0.2ms | Allocations: 38)
[Webpacker] Everything's up-to-date. Nothing to do
  Rendered layout layouts/application.html.erb (Duration: 23.5ms | Allocations: 6534)
Completed 200 OK in 26ms (Views: 25.3ms | ActiveRecord: 0.0ms | Allocations: 6979)


Started GET "/" for 127.0.0.1 at 2021-08-27 13:47:03 +0500
Processing by PagesController#index as HTML
  Rendering layout layouts/application.html.erb
  Rendering pages/index.html.erb within layouts/application
  Rendered pages/index.html.erb within layouts/application (Duration: 0.2ms | Allocations: 38)
[Webpacker] Everything's up-to-date. Nothing to do
  Rendered layout layouts/application.html.erb (Duration: 25.5ms | Allocations: 6490)
Completed 200 OK in 28ms (Views: 27.2ms | ActiveRecord: 0.0ms | Allocations: 6935)


Started GET "/" for 127.0.0.1 at 2021-08-27 13:47:03 +0500
Processing by PagesController#index as HTML
  Rendering layout layouts/application.html.erb
  Rendering pages/index.html.erb within layouts/application
  Rendered pages/index.html.erb within layouts/application (Duration: 0.2ms | Allocations: 38)
[Webpacker] Everything's up-to-date. Nothing to do
  Rendered layout layouts/application.html.erb (Duration: 28.5ms | Allocations: 6548)
Completed 200 OK in 30ms (Views: 29.5ms | ActiveRecord: 0.0ms | Allocations: 6994)


Started GET "/" for 127.0.0.1 at 2021-08-27 13:47:03 +0500
Processing by PagesController#index as HTML
  Rendering layout layouts/application.html.erb
  Rendering pages/index.html.erb within layouts/application
  Rendered pages/index.html.erb within layouts/application (Duration: 0.6ms | Allocations: 38)
[Webpacker] Everything's up-to-date. Nothing to do
  Rendered layout layouts/application.html.erb (Duration: 26.4ms | Allocations: 6588)
Completed 200 OK in 29ms (Views: 27.5ms | ActiveRecord: 0.0ms | Allocations: 7034)


Started GET "/" for 127.0.0.1 at 2021-08-27 13:47:04 +0500
Processing by PagesController#index as HTML
  Rendering layout layouts/application.html.erb
  Rendering pages/index.html.erb within layouts/application
  Rendered pages/index.html.erb within layouts/application (Duration: 0.2ms | Allocations: 38)
[Webpacker] Everything's up-to-date. Nothing to do
  Rendered layout layouts/application.html.erb (Duration: 27.5ms | Allocations: 6582)
Completed 200 OK in 30ms (Views: 28.6ms | ActiveRecord: 0.0ms | Allocations: 7028)


Started GET "/" for 127.0.0.1 at 2021-08-27 13:47:04 +0500
Processing by PagesController#index as HTML
  Rendering layout layouts/application.html.erb
  Rendering pages/index.html.erb within layouts/application
  Rendered pages/index.html.erb within layouts/application (Duration: 0.1ms | Allocations: 38)
[Webpacker] Everything's up-to-date. Nothing to do
  Rendered layout layouts/application.html.erb (Duration: 21.1ms | Allocations: 6503)
Completed 200 OK in 23ms (Views: 21.9ms | ActiveRecord: 0.0ms | Allocations: 6949)


Started GET "/" for 127.0.0.1 at 2021-08-27 13:47:04 +0500
Processing by PagesController#index as HTML
  Rendering layout layouts/application.html.erb
  Rendering pages/index.html.erb within layouts/application
  Rendered pages/index.html.erb within layouts/application (Duration: 0.2ms | Allocations: 38)
[Webpacker] Everything's up-to-date. Nothing to do
  Rendered layout layouts/application.html.erb (Duration: 24.1ms | Allocations: 6527)
Completed 200 OK in 27ms (Views: 25.4ms | ActiveRecord: 0.0ms | Allocations: 6972)


Started GET "/" for 127.0.0.1 at 2021-08-27 13:47:05 +0500
Processing by PagesController#index as HTML
  Rendering layout layouts/application.html.erb
  Rendering pages/index.html.erb within layouts/application
  Rendered pages/index.html.erb within layouts/application (Duration: 0.2ms | Allocations: 38)
[Webpacker] Everything's up-to-date. Nothing to do
  Rendered layout layouts/application.html.erb (Duration: 23.5ms | Allocations: 6490)
Completed 200 OK in 25ms (Views: 24.5ms | ActiveRecord: 0.0ms | Allocations: 6935)


Started GET "/" for 127.0.0.1 at 2021-08-27 13:47:05 +0500
Processing by PagesController#index as HTML
  Rendering layout layouts/application.html.erb
  Rendering pages/index.html.erb within layouts/application
  Rendered pages/index.html.erb within layouts/application (Duration: 0.2ms | Allocations: 38)
[Webpacker] Everything's up-to-date. Nothing to do
  Rendered layout layouts/application.html.erb (Duration: 28.7ms | Allocations: 6588)
Completed 200 OK in 32ms (Views: 29.7ms | ActiveRecord: 0.0ms | Allocations: 7034)


Started GET "/" for 127.0.0.1 at 2021-08-27 13:47:05 +0500
Processing by PagesController#index as HTML
  Rendering layout layouts/application.html.erb
  Rendering pages/index.html.erb within layouts/application
  Rendered pages/index.html.erb within layouts/application (Duration: 0.2ms | Allocations: 38)
[Webpacker] Everything's up-to-date. Nothing to do
  Rendered layout layouts/application.html.erb (Duration: 24.3ms | Allocations: 6588)
Completed 200 OK in 27ms (Views: 26.1ms | ActiveRecord: 0.0ms | Allocations: 7034)


Started GET "/" for 127.0.0.1 at 2021-08-27 13:47:58 +0500
Processing by PagesController#index as HTML
  Rendering layout layouts/application.html.erb
  Rendering pages/index.html.erb within layouts/application
  Rendered pages/index.html.erb within layouts/application (Duration: 0.1ms | Allocations: 38)
[Webpacker] Compiling...
[Webpacker] Compiled all packs in /home/nauman/WorkPlace/works_out/Ruby_Rails/public/packs
[Webpacker] Hash: 218ee77e58921627e1e9
Version: webpack 4.46.0
Time: 1488ms
Built at: 08/27/2021 1:48:01 PM
                                     Asset       Size       Chunks                         Chunk Names
    js/application-4abacdd147633384164b.js    125 KiB  application  [emitted] [immutable]  application
js/application-4abacdd147633384164b.js.map    139 KiB  application  [emitted] [dev]        application
                             manifest.json  364 bytes               [emitted]              
Entrypoint application = js/application-4abacdd147633384164b.js js/application-4abacdd147633384164b.js.map
[./app/javascript/channels sync recursive _channel\.js$] ./app/javascript/channels sync _channel\.js$ 160 bytes {application} [built]
[./app/javascript/channels/index.js] 211 bytes {application} [built]
[./app/javascript/packs/application.js] 587 bytes {application} [built]
[./node_modules/webpack/buildin/module.js] (webpack)/buildin/module.js 552 bytes {application} [built]
    + 3 hidden modules

  Rendered layout layouts/application.html.erb (Duration: 3515.8ms | Allocations: 7723)
Completed 200 OK in 3518ms (Views: 3516.5ms | Allocations: 8163)


Started GET "/" for 127.0.0.1 at 2021-08-27 13:48:05 +0500
Processing by PagesController#index as HTML
  Rendering layout layouts/application.html.erb
  Rendering pages/index.html.erb within layouts/application
  Rendered pages/index.html.erb within layouts/application (Duration: 0.1ms | Allocations: 38)
[Webpacker] Everything's up-to-date. Nothing to do
  Rendered layout layouts/application.html.erb (Duration: 18.6ms | Allocations: 6544)
Completed 200 OK in 21ms (Views: 19.6ms | Allocations: 6987)


Started GET "/" for 127.0.0.1 at 2021-08-27 13:48:06 +0500
Processing by PagesController#index as HTML
  Rendering layout layouts/application.html.erb
  Rendering pages/index.html.erb within layouts/application
  Rendered pages/index.html.erb within layouts/application (Duration: 0.2ms | Allocations: 38)
[Webpacker] Everything's up-to-date. Nothing to do
  Rendered layout layouts/application.html.erb (Duration: 24.4ms | Allocations: 6589)
Completed 200 OK in 26ms (Views: 25.4ms | Allocations: 7032)


Started GET "/" for 127.0.0.1 at 2021-08-27 13:48:07 +0500
Processing by PagesController#index as HTML
  Rendering layout layouts/application.html.erb
  Rendering pages/index.html.erb within layouts/application
  Rendered pages/index.html.erb within layouts/application (Duration: 0.1ms | Allocations: 38)
[Webpacker] Everything's up-to-date. Nothing to do
  Rendered layout layouts/application.html.erb (Duration: 21.1ms | Allocations: 6579)
Completed 200 OK in 23ms (Views: 22.0ms | Allocations: 7022)


Started GET "/" for 127.0.0.1 at 2021-08-27 13:48:07 +0500
Processing by PagesController#index as HTML
  Rendering layout layouts/application.html.erb
  Rendering pages/index.html.erb within layouts/application
  Rendered pages/index.html.erb within layouts/application (Duration: 0.1ms | Allocations: 38)
[Webpacker] Everything's up-to-date. Nothing to do
  Rendered layout layouts/application.html.erb (Duration: 19.3ms | Allocations: 6555)
Completed 200 OK in 21ms (Views: 20.4ms | Allocations: 6998)


Started GET "/" for 127.0.0.1 at 2021-08-27 13:48:08 +0500
Processing by PagesController#index as HTML
  Rendering layout layouts/application.html.erb
  Rendering pages/index.html.erb within layouts/application
  Rendered pages/index.html.erb within layouts/application (Duration: 0.2ms | Allocations: 38)
[Webpacker] Everything's up-to-date. Nothing to do
  Rendered layout layouts/application.html.erb (Duration: 21.4ms | Allocations: 6504)
Completed 200 OK in 23ms (Views: 22.4ms | Allocations: 6946)


Started GET "/" for 127.0.0.1 at 2021-08-27 13:48:08 +0500
Processing by PagesController#index as HTML
  Rendering layout layouts/application.html.erb
  Rendering pages/index.html.erb within layouts/application
  Rendered pages/index.html.erb within layouts/application (Duration: 0.2ms | Allocations: 38)
[Webpacker] Everything's up-to-date. Nothing to do
  Rendered layout layouts/application.html.erb (Duration: 23.9ms | Allocations: 6513)
Completed 200 OK in 26ms (Views: 25.0ms | Allocations: 6955)


Started GET "/" for 127.0.0.1 at 2021-08-27 13:48:08 +0500
Processing by PagesController#index as HTML
  Rendering layout layouts/application.html.erb
  Rendering pages/index.html.erb within layouts/application
  Rendered pages/index.html.erb within layouts/application (Duration: 0.2ms | Allocations: 38)
[Webpacker] Everything's up-to-date. Nothing to do
  Rendered layout layouts/application.html.erb (Duration: 27.3ms | Allocations: 6588)
Completed 200 OK in 29ms (Views: 28.4ms | Allocations: 7031)


Started GET "/" for 127.0.0.1 at 2021-08-27 13:48:08 +0500
Processing by PagesController#index as HTML
  Rendering layout layouts/application.html.erb
  Rendering pages/index.html.erb within layouts/application
  Rendered pages/index.html.erb within layouts/application (Duration: 0.1ms | Allocations: 38)
[Webpacker] Everything's up-to-date. Nothing to do
  Rendered layout layouts/application.html.erb (Duration: 23.3ms | Allocations: 6588)
Completed 200 OK in 25ms (Views: 24.3ms | Allocations: 7031)


Started GET "/" for 127.0.0.1 at 2021-08-27 13:48:56 +0500
Processing by PagesController#index as HTML
  Rendering layout layouts/application.html.erb
  Rendering pages/index.html.erb within layouts/application
  Rendered pages/index.html.erb within layouts/application (Duration: 0.2ms | Allocations: 38)
[Webpacker] Everything's up-to-date. Nothing to do
  Rendered layout layouts/application.html.erb (Duration: 18.2ms | Allocations: 6555)
Completed 200 OK in 20ms (Views: 19.0ms | Allocations: 6998)


Started GET "/" for 127.0.0.1 at 2021-08-27 13:48:56 +0500
Processing by PagesController#index as HTML
  Rendering layout layouts/application.html.erb
  Rendering pages/index.html.erb within layouts/application
  Rendered pages/index.html.erb within layouts/application (Duration: 0.2ms | Allocations: 38)
[Webpacker] Everything's up-to-date. Nothing to do
  Rendered layout layouts/application.html.erb (Duration: 18.5ms | Allocations: 6511)
Completed 200 OK in 21ms (Views: 19.5ms | Allocations: 6953)


Started GET "/" for 127.0.0.1 at 2021-08-27 13:51:19 +0500
Processing by PagesController#index as HTML
  Rendering layout layouts/application.html.erb
  Rendering pages/index.html.erb within layouts/application
  Rendered pages/index.html.erb within layouts/application (Duration: 0.2ms | Allocations: 38)
[Webpacker] Compiling...
[Webpacker] Compiled all packs in /home/nauman/WorkPlace/works_out/Ruby_Rails/public/packs
[Webpacker] Hash: 9c6375b05079e0de0152
Version: webpack 4.46.0
Time: 1248ms
Built at: 08/27/2021 1:51:22 PM
                                     Asset       Size       Chunks                         Chunk Names
    js/application-eec923f9b41d8f152fa0.js    125 KiB  application  [emitted] [immutable]  application
js/application-eec923f9b41d8f152fa0.js.map    139 KiB  application  [emitted] [dev]        application
                             manifest.json  364 bytes               [emitted]              
Entrypoint application = js/application-eec923f9b41d8f152fa0.js js/application-eec923f9b41d8f152fa0.js.map
[./app/javascript/channels sync recursive _channel\.js$] ./app/javascript/channels sync _channel\.js$ 160 bytes {application} [built]
[./app/javascript/channels/index.js] 211 bytes {application} [built]
[./app/javascript/packs/application.js] 565 bytes {application} [built]
[./node_modules/webpack/buildin/module.js] (webpack)/buildin/module.js 552 bytes {application} [built]
    + 3 hidden modules

  Rendered layout layouts/application.html.erb (Duration: 3179.7ms | Allocations: 7705)
Completed 200 OK in 3182ms (Views: 3180.6ms | Allocations: 8145)


Started GET "/" for 127.0.0.1 at 2021-08-27 13:51:24 +0500
Processing by PagesController#index as HTML
  Rendering layout layouts/application.html.erb
  Rendering pages/index.html.erb within layouts/application
  Rendered pages/index.html.erb within layouts/application (Duration: 0.3ms | Allocations: 38)
[Webpacker] Everything's up-to-date. Nothing to do
  Rendered layout layouts/application.html.erb (Duration: 16.5ms | Allocations: 6589)
Completed 200 OK in 18ms (Views: 17.4ms | Allocations: 7032)


Started GET "/" for 127.0.0.1 at 2021-08-27 13:51:25 +0500
Processing by PagesController#index as HTML
  Rendering layout layouts/application.html.erb
  Rendering pages/index.html.erb within layouts/application
  Rendered pages/index.html.erb within layouts/application (Duration: 0.2ms | Allocations: 38)
[Webpacker] Everything's up-to-date. Nothing to do
  Rendered layout layouts/application.html.erb (Duration: 20.9ms | Allocations: 6587)
Completed 200 OK in 23ms (Views: 21.8ms | Allocations: 7030)


Started GET "/" for 127.0.0.1 at 2021-08-27 13:51:25 +0500
Processing by PagesController#index as HTML
  Rendering layout layouts/application.html.erb
  Rendering pages/index.html.erb within layouts/application
  Rendered pages/index.html.erb within layouts/application (Duration: 0.2ms | Allocations: 38)
[Webpacker] Everything's up-to-date. Nothing to do
  Rendered layout layouts/application.html.erb (Duration: 23.1ms | Allocations: 6559)
Completed 200 OK in 25ms (Views: 24.1ms | Allocations: 7002)


Started GET "/" for 127.0.0.1 at 2021-08-27 13:51:25 +0500
Processing by PagesController#index as HTML
  Rendering layout layouts/application.html.erb
  Rendering pages/index.html.erb within layouts/application
  Rendered pages/index.html.erb within layouts/application (Duration: 0.1ms | Allocations: 38)
[Webpacker] Everything's up-to-date. Nothing to do
  Rendered layout layouts/application.html.erb (Duration: 20.3ms | Allocations: 6504)
Completed 200 OK in 23ms (Views: 22.0ms | Allocations: 6946)


Started GET "/" for 127.0.0.1 at 2021-08-27 13:51:25 +0500
Processing by PagesController#index as HTML
  Rendering layout layouts/application.html.erb
  Rendering pages/index.html.erb within layouts/application
  Rendered pages/index.html.erb within layouts/application (Duration: 0.2ms | Allocations: 38)
[Webpacker] Everything's up-to-date. Nothing to do
  Rendered layout layouts/application.html.erb (Duration: 27.1ms | Allocations: 6500)
Completed 200 OK in 30ms (Views: 28.3ms | Allocations: 6944)


Started GET "/" for 127.0.0.1 at 2021-08-27 13:52:41 +0500
  [1m[35m (0.7ms)[0m  [1m[34mSELECT sqlite_version(*)[0m
Processing by PagesController#index as HTML
  Rendering layout layouts/application.html.erb
  Rendering pages/index.html.erb within layouts/application
  Rendered pages/index.html.erb within layouts/application (Duration: 0.9ms | Allocations: 359)
[Webpacker] Compiling...
[Webpacker] Compiled all packs in /home/nauman/WorkPlace/works_out/Ruby_Rails/public/packs
[Webpacker] Hash: 9c6375b05079e0de0152
Version: webpack 4.46.0
Time: 1143ms
Built at: 08/27/2021 1:52:46 PM
                                     Asset       Size       Chunks                         Chunk Names
    js/application-eec923f9b41d8f152fa0.js    125 KiB  application  [emitted] [immutable]  application
js/application-eec923f9b41d8f152fa0.js.map    139 KiB  application  [emitted] [dev]        application
                             manifest.json  364 bytes               [emitted]              
Entrypoint application = js/application-eec923f9b41d8f152fa0.js js/application-eec923f9b41d8f152fa0.js.map
[./app/javascript/channels sync recursive _channel\.js$] ./app/javascript/channels sync _channel\.js$ 160 bytes {application} [built]
[./app/javascript/channels/index.js] 211 bytes {application} [built]
[./app/javascript/packs/application.js] 565 bytes {application} [built]
[./node_modules/webpack/buildin/module.js] (webpack)/buildin/module.js 552 bytes {application} [built]
    + 3 hidden modules

  Rendered layout layouts/application.html.erb (Duration: 5189.1ms | Allocations: 94101)
Completed 200 OK in 5204ms (Views: 5193.3ms | ActiveRecord: 0.0ms | Allocations: 97762)


Started GET "/" for 127.0.0.1 at 2021-08-27 13:52:48 +0500
Processing by PagesController#index as HTML
  Rendering layout layouts/application.html.erb
  Rendering pages/index.html.erb within layouts/application
  Rendered pages/index.html.erb within layouts/application (Duration: 0.5ms | Allocations: 43)
[Webpacker] Everything's up-to-date. Nothing to do
  Rendered layout layouts/application.html.erb (Duration: 18.1ms | Allocations: 6690)
Completed 200 OK in 20ms (Views: 19.2ms | ActiveRecord: 0.0ms | Allocations: 7247)


Started GET "/" for 127.0.0.1 at 2021-08-27 13:52:49 +0500
Processing by PagesController#index as HTML
  Rendering layout layouts/application.html.erb
  Rendering pages/index.html.erb within layouts/application
  Rendered pages/index.html.erb within layouts/application (Duration: 0.2ms | Allocations: 38)
[Webpacker] Everything's up-to-date. Nothing to do
  Rendered layout layouts/application.html.erb (Duration: 22.5ms | Allocations: 6508)
Completed 200 OK in 25ms (Views: 23.4ms | ActiveRecord: 0.0ms | Allocations: 6953)


Started GET "/" for 127.0.0.1 at 2021-08-27 13:52:49 +0500
Processing by PagesController#index as HTML
  Rendering layout layouts/application.html.erb
  Rendering pages/index.html.erb within layouts/application
  Rendered pages/index.html.erb within layouts/application (Duration: 0.1ms | Allocations: 38)
[Webpacker] Everything's up-to-date. Nothing to do
  Rendered layout layouts/application.html.erb (Duration: 26.1ms | Allocations: 6514)
Completed 200 OK in 28ms (Views: 27.2ms | ActiveRecord: 0.0ms | Allocations: 6963)


Started GET "/" for 127.0.0.1 at 2021-08-27 13:52:49 +0500
Processing by PagesController#index as HTML
  Rendering layout layouts/application.html.erb
  Rendering pages/index.html.erb within layouts/application
  Rendered pages/index.html.erb within layouts/application (Duration: 0.2ms | Allocations: 38)
[Webpacker] Everything's up-to-date. Nothing to do
  Rendered layout layouts/application.html.erb (Duration: 24.7ms | Allocations: 6512)
Completed 200 OK in 27ms (Views: 25.8ms | ActiveRecord: 0.0ms | Allocations: 6957)


Started GET "/" for 127.0.0.1 at 2021-08-27 13:56:48 +0500
  [1m[35m (0.6ms)[0m  [1m[34mSELECT sqlite_version(*)[0m
Processing by PagesController#index as HTML
  Rendering layout layouts/application.html.erb
  Rendering pages/index.html.erb within layouts/application
  Rendered pages/index.html.erb within layouts/application (Duration: 0.8ms | Allocations: 359)
[Webpacker] Compiling...
[Webpacker] Compiled all packs in /home/nauman/WorkPlace/works_out/Ruby_Rails/public/packs
[Webpacker] Hash: 9c6375b05079e0de0152
Version: webpack 4.46.0
Time: 1160ms
Built at: 08/27/2021 1:56:51 PM
                                     Asset       Size       Chunks                         Chunk Names
    js/application-eec923f9b41d8f152fa0.js    125 KiB  application  [emitted] [immutable]  application
js/application-eec923f9b41d8f152fa0.js.map    139 KiB  application  [emitted] [dev]        application
                             manifest.json  364 bytes               [emitted]              
Entrypoint application = js/application-eec923f9b41d8f152fa0.js js/application-eec923f9b41d8f152fa0.js.map
[./app/javascript/channels sync recursive _channel\.js$] ./app/javascript/channels sync _channel\.js$ 160 bytes {application} [built]
[./app/javascript/channels/index.js] 211 bytes {application} [built]
[./app/javascript/packs/application.js] 565 bytes {application} [built]
[./node_modules/webpack/buildin/module.js] (webpack)/buildin/module.js 552 bytes {application} [built]
    + 3 hidden modules

  Rendered layout layouts/application.html.erb (Duration: 3122.5ms | Allocations: 17421)
Completed 200 OK in 3136ms (Views: 3125.6ms | ActiveRecord: 0.0ms | Allocations: 21081)


Started GET "/" for 127.0.0.1 at 2021-08-27 13:56:58 +0500
Processing by PagesController#index as HTML
  Rendering layout layouts/application.html.erb
  Rendering pages/index.html.erb within layouts/application
  Rendered pages/index.html.erb within layouts/application (Duration: 17.6ms | Allocations: 44)
[Webpacker] Everything's up-to-date. Nothing to do
  Rendered layout layouts/application.html.erb (Duration: 35.0ms | Allocations: 6771)
Completed 200 OK in 37ms (Views: 36.0ms | ActiveRecord: 0.0ms | Allocations: 7325)


Started GET "/" for 127.0.0.1 at 2021-08-27 13:57:07 +0500
Processing by PagesController#index as HTML
  Rendering layout layouts/application.html.erb
  Rendering pages/index.html.erb within layouts/application
  Rendered pages/index.html.erb within layouts/application (Duration: 0.2ms | Allocations: 38)
[Webpacker] Everything's up-to-date. Nothing to do
  Rendered layout layouts/application.html.erb (Duration: 14.0ms | Allocations: 6508)
Completed 200 OK in 16ms (Views: 15.1ms | ActiveRecord: 0.0ms | Allocations: 6950)


Started GET "/" for 127.0.0.1 at 2021-08-27 13:58:06 +0500
Processing by PagesController#index as HTML
  Rendering layout layouts/application.html.erb
  Rendering pages/index.html.erb within layouts/application
  Rendered pages/index.html.erb within layouts/application (Duration: 0.4ms | Allocations: 145)
[Webpacker] Everything's up-to-date. Nothing to do
  Rendered layout layouts/application.html.erb (Duration: 18.1ms | Allocations: 7087)
Completed 200 OK in 23ms (Views: 21.1ms | ActiveRecord: 0.0ms | Allocations: 8458)


Started GET "/" for 127.0.0.1 at 2021-08-27 13:58:09 +0500
Processing by PagesController#index as HTML
  Rendering layout layouts/application.html.erb
  Rendering pages/index.html.erb within layouts/application
  Rendered pages/index.html.erb within layouts/application (Duration: 0.2ms | Allocations: 38)
[Webpacker] Everything's up-to-date. Nothing to do
  Rendered layout layouts/application.html.erb (Duration: 24.4ms | Allocations: 6619)
Completed 200 OK in 27ms (Views: 25.5ms | ActiveRecord: 0.0ms | Allocations: 7112)


Started GET "/" for 127.0.0.1 at 2021-08-27 13:58:10 +0500
Processing by PagesController#index as HTML
  Rendering layout layouts/application.html.erb
  Rendering pages/index.html.erb within layouts/application
  Rendered pages/index.html.erb within layouts/application (Duration: 0.2ms | Allocations: 38)
[Webpacker] Everything's up-to-date. Nothing to do
  Rendered layout layouts/application.html.erb (Duration: 27.5ms | Allocations: 6604)
Completed 200 OK in 29ms (Views: 28.4ms | ActiveRecord: 0.0ms | Allocations: 7057)


Started GET "/" for 127.0.0.1 at 2021-08-27 13:58:10 +0500
Processing by PagesController#index as HTML
  Rendering layout layouts/application.html.erb
  Rendering pages/index.html.erb within layouts/application
  Rendered pages/index.html.erb within layouts/application (Duration: 0.1ms | Allocations: 38)
[Webpacker] Everything's up-to-date. Nothing to do
  Rendered layout layouts/application.html.erb (Duration: 26.5ms | Allocations: 6604)
Completed 200 OK in 29ms (Views: 27.6ms | ActiveRecord: 0.0ms | Allocations: 7050)


Started GET "/" for 127.0.0.1 at 2021-08-27 13:58:45 +0500
Processing by PagesController#index as HTML
  Rendering layout layouts/application.html.erb
  Rendering pages/index.html.erb within layouts/application
  Rendered pages/index.html.erb within layouts/application (Duration: 0.5ms | Allocations: 147)
[Webpacker] Everything's up-to-date. Nothing to do
  Rendered layout layouts/application.html.erb (Duration: 18.8ms | Allocations: 7085)
Completed 200 OK in 23ms (Views: 21.4ms | ActiveRecord: 0.0ms | Allocations: 8417)


Started GET "/" for 127.0.0.1 at 2021-08-27 14:02:50 +0500
Processing by PagesController#index as HTML
  Rendering layout layouts/application.html.erb
  Rendering pages/index.html.erb within layouts/application
  Rendered pages/index.html.erb within layouts/application (Duration: 0.3ms | Allocations: 38)
[Webpacker] Everything's up-to-date. Nothing to do
  Rendered layout layouts/application.html.erb (Duration: 49.4ms | Allocations: 6598)
Completed 200 OK in 56ms (Views: 51.6ms | Allocations: 7086)


Started GET "/" for 127.0.0.1 at 2021-08-27 14:02:53 +0500
Processing by PagesController#index as HTML
  Rendering layout layouts/application.html.erb
  Rendering pages/index.html.erb within layouts/application
  Rendered pages/index.html.erb within layouts/application (Duration: 0.4ms | Allocations: 38)
[Webpacker] Everything's up-to-date. Nothing to do
  Rendered layout layouts/application.html.erb (Duration: 51.7ms | Allocations: 6579)
Completed 200 OK in 57ms (Views: 54.7ms | Allocations: 7022)


Started GET "/" for 127.0.0.1 at 2021-08-27 14:02:54 +0500
Processing by PagesController#index as HTML
  Rendering layout layouts/application.html.erb
  Rendering pages/index.html.erb within layouts/application
  Rendered pages/index.html.erb within layouts/application (Duration: 0.3ms | Allocations: 38)
[Webpacker] Everything's up-to-date. Nothing to do
  Rendered layout layouts/application.html.erb (Duration: 58.0ms | Allocations: 6511)
Completed 200 OK in 62ms (Views: 60.3ms | Allocations: 6953)


Started GET "/" for 127.0.0.1 at 2021-08-27 14:02:54 +0500
Processing by PagesController#index as HTML
  Rendering layout layouts/application.html.erb
  Rendering pages/index.html.erb within layouts/application
  Rendered pages/index.html.erb within layouts/application (Duration: 0.3ms | Allocations: 38)
[Webpacker] Everything's up-to-date. Nothing to do
  Rendered layout layouts/application.html.erb (Duration: 65.2ms | Allocations: 6513)
Completed 200 OK in 69ms (Views: 67.7ms | Allocations: 6955)


Started GET "/" for 127.0.0.1 at 2021-08-27 14:10:08 +0500
Processing by PagesController#index as HTML
  Rendering layout layouts/application.html.erb
  Rendering pages/index.html.erb within layouts/application
  Rendered pages/index.html.erb within layouts/application (Duration: 1.6ms | Allocations: 147)
[Webpacker] Everything's up-to-date. Nothing to do
  Rendered layouts/_nav.html.erb (Duration: 2.0ms | Allocations: 171)
  Rendered layout layouts/application.html.erb (Duration: 70.1ms | Allocations: 7517)
Completed 200 OK in 80ms (Views: 76.5ms | Allocations: 8849)


Started GET "/" for 127.0.0.1 at 2021-08-27 14:10:13 +0500
Processing by PagesController#index as HTML
  Rendering layout layouts/application.html.erb
  Rendering pages/index.html.erb within layouts/application
  Rendered pages/index.html.erb within layouts/application (Duration: 0.4ms | Allocations: 38)
[Webpacker] Everything's up-to-date. Nothing to do
  Rendered layouts/_nav.html.erb (Duration: 0.4ms | Allocations: 40)
  Rendered layout layouts/application.html.erb (Duration: 52.8ms | Allocations: 6691)
Completed 200 OK in 59ms (Views: 56.0ms | Allocations: 7182)


Started GET "/" for 127.0.0.1 at 2021-08-27 14:14:25 +0500
Processing by PagesController#index as HTML
  Rendering layout layouts/application.html.erb
  Rendering pages/index.html.erb within layouts/application
  Rendered pages/index.html.erb within layouts/application (Duration: 1.8ms | Allocations: 142)
[Webpacker] Everything's up-to-date. Nothing to do
  Rendered layouts/_nav.html.erb (Duration: 1.9ms | Allocations: 139)
  Rendered layout layouts/application.html.erb (Duration: 75.1ms | Allocations: 7447)
Completed 200 OK in 86ms (Views: 81.5ms | Allocations: 8769)


Started GET "/" for 127.0.0.1 at 2021-08-27 14:14:30 +0500
Processing by PagesController#index as HTML
  Rendering layout layouts/application.html.erb
  Rendering pages/index.html.erb within layouts/application
  Rendered pages/index.html.erb within layouts/application (Duration: 0.4ms | Allocations: 38)
[Webpacker] Everything's up-to-date. Nothing to do
  Rendered layouts/_nav.html.erb (Duration: 0.3ms | Allocations: 40)
  Rendered layout layouts/application.html.erb (Duration: 53.2ms | Allocations: 6609)
Completed 200 OK in 57ms (Views: 55.4ms | Allocations: 7098)


Started GET "/" for 127.0.0.1 at 2021-08-27 14:18:47 +0500
Processing by PagesController#index as HTML
  Rendering layout layouts/application.html.erb
  Rendering pages/index.html.erb within layouts/application
  Rendered pages/index.html.erb within layouts/application (Duration: 1.5ms | Allocations: 142)
[Webpacker] Everything's up-to-date. Nothing to do
  Rendered layouts/_nav.html.erb (Duration: 2.0ms | Allocations: 144)
  Rendered layout layouts/application.html.erb (Duration: 78.9ms | Allocations: 7468)
Completed 200 OK in 90ms (Views: 86.8ms | Allocations: 8785)


Started GET "/" for 127.0.0.1 at 2021-08-27 14:20:17 +0500
Processing by PagesController#index as HTML
  Rendering layout layouts/application.html.erb
  Rendering pages/index.html.erb within layouts/application
  Rendered pages/index.html.erb within layouts/application (Duration: 1.3ms | Allocations: 143)
[Webpacker] Everything's up-to-date. Nothing to do
  Rendered layouts/_nav.html.erb (Duration: 1.2ms | Allocations: 144)
  Rendered layout layouts/application.html.erb (Duration: 60.3ms | Allocations: 7484)
Completed 200 OK in 77ms (Views: 71.2ms | Allocations: 8853)


Started GET "/" for 127.0.0.1 at 2021-08-27 14:20:20 +0500
Processing by PagesController#index as HTML
  Rendering layout layouts/application.html.erb
  Rendering pages/index.html.erb within layouts/application
  Rendered pages/index.html.erb within layouts/application (Duration: 0.4ms | Allocations: 38)
[Webpacker] Everything's up-to-date. Nothing to do
  Rendered layouts/_nav.html.erb (Duration: 0.4ms | Allocations: 40)
  Rendered layout layouts/application.html.erb (Duration: 62.8ms | Allocations: 6686)
Completed 200 OK in 68ms (Views: 66.0ms | Allocations: 7176)


Started GET "/" for 127.0.0.1 at 2021-08-27 14:20:22 +0500
Processing by PagesController#index as HTML
  Rendering layout layouts/application.html.erb
  Rendering pages/index.html.erb within layouts/application
  Rendered pages/index.html.erb within layouts/application (Duration: 0.3ms | Allocations: 38)
[Webpacker] Everything's up-to-date. Nothing to do
  Rendered layouts/_nav.html.erb (Duration: 0.4ms | Allocations: 40)
  Rendered layout layouts/application.html.erb (Duration: 74.3ms | Allocations: 6612)
Completed 200 OK in 79ms (Views: 76.9ms | Allocations: 7054)


Started GET "/" for 127.0.0.1 at 2021-08-27 14:20:22 +0500
Processing by PagesController#index as HTML
  Rendering layout layouts/application.html.erb
  Rendering pages/index.html.erb within layouts/application
  Rendered pages/index.html.erb within layouts/application (Duration: 1.0ms | Allocations: 38)
[Webpacker] Everything's up-to-date. Nothing to do
  Rendered layouts/_nav.html.erb (Duration: 0.3ms | Allocations: 40)
  Rendered layout layouts/application.html.erb (Duration: 67.3ms | Allocations: 6613)
Completed 200 OK in 72ms (Views: 69.8ms | Allocations: 7055)


Started GET "/" for 127.0.0.1 at 2021-08-27 14:28:55 +0500
  [1m[35m (6.1ms)[0m  [1m[34mSELECT sqlite_version(*)[0m
Processing by PagesController#index as HTML
  Rendering layout layouts/application.html.erb
  Rendering pages/index.html.erb within layouts/application
  Rendered pages/index.html.erb within layouts/application (Duration: 3.6ms | Allocations: 359)
[Webpacker] Everything's up-to-date. Nothing to do
  Rendered layouts/_nav.html.erb (Duration: 9.2ms | Allocations: 152)
  Rendered layout layouts/application.html.erb (Duration: 267.2ms | Allocations: 16498)
Completed 200 OK in 352ms (Views: 287.5ms | ActiveRecord: 0.0ms | Allocations: 20154)


Started GET "/" for 127.0.0.1 at 2021-08-27 14:37:10 +0500
Processing by PagesController#index as HTML
  Rendering layout layouts/application.html.erb
  Rendering pages/index.html.erb within layouts/application
  Rendered pages/index.html.erb within layouts/application (Duration: 2.3ms | Allocations: 145)
[Webpacker] Everything's up-to-date. Nothing to do
  Rendered layouts/_nav.html.erb (Duration: 1.2ms | Allocations: 149)
  Rendered layouts/_foot.html.erb (Duration: 1.6ms | Allocations: 141)
  Rendered layout layouts/application.html.erb (Duration: 7126.5ms | Allocations: 86219)
Completed 200 OK in 7139ms (Views: 7135.1ms | Allocations: 87652)


Started GET "/" for 127.0.0.1 at 2021-08-27 14:46:32 +0500
  [1m[35m (1.9ms)[0m  [1m[34mSELECT sqlite_version(*)[0m
Processing by PagesController#index as HTML
  Rendering layout layouts/application.html.erb
  Rendering pages/index.html.erb within layouts/application
  Rendered pages/index.html.erb within layouts/application (Duration: 2.4ms | Allocations: 292)
[Webpacker] Everything's up-to-date. Nothing to do
  Rendered layouts/_nav.html.erb (Duration: 1.3ms | Allocations: 123)
  Rendered layouts/_foot.html.erb (Duration: 1.8ms | Allocations: 107)
  Rendered layout layouts/application.html.erb (Duration: 11745.7ms | Allocations: 149821)
Completed 200 OK in 11787ms (Views: 11755.6ms | ActiveRecord: 0.0ms | Allocations: 153481)


